<?xml version="1.0" encoding="UTF-8"?>
<!-- Generated by org.testng.reporters.JUnitReportReporter -->
<testsuite hostname="WINDOWS-1DOT8LB" failures="0" tests="5" name="testCases.TC_003_LoginDDT" time="35.780" errors="0" timestamp="2023-12-06T12:52:42 EST" skipped="0">
  <testcase classname="testCases.TC_003_LoginDDT" name="verify_LoginDDTTest" time="1.418"/>
  <testcase classname="testCases.TC_003_LoginDDT" name="verify_LoginDDTTest" time="10.986"/>
  <testcase classname="testCases.TC_003_LoginDDT" name="verify_LoginDDTTest" time="10.942"/>
  <testcase classname="testCases.TC_003_LoginDDT" name="verify_LoginDDTTest" time="1.488"/>
  <testcase classname="testCases.TC_003_LoginDDT" name="verify_LoginDDTTest" time="10.946"/>
</testsuite> <!-- testCases.TC_003_LoginDDT -->
