<?xml version="1.0" encoding="UTF-8"?>
<!-- Generated by org.testng.reporters.JUnitReportReporter -->
<testsuite hostname="WINDOWS-1DOT8LB" failures="0" tests="1" name="testCases.TC_005_AddToCartPageTest" time="1.540" errors="0" timestamp="2023-12-06T12:52:42 EST" skipped="0">
  <testcase classname="testCases.TC_005_AddToCartPageTest" name="verify_addToCart" time="1.540"/>
</testsuite> <!-- testCases.TC_005_AddToCartPageTest -->
