<?xml version="1.0" encoding="UTF-8"?>
<!-- Generated by org.testng.reporters.JUnitReportReporter -->
<testsuite hostname="WINDOWS-1DOT8LB" failures="0" tests="5" name="testCases.TC_003_LoginDDT" time="35.255" errors="0" timestamp="2023-12-07T17:54:18 EST" skipped="0">
  <testcase classname="testCases.TC_003_LoginDDT" name="verify_LoginDDTTest" time="10.808"/>
  <testcase classname="testCases.TC_003_LoginDDT" name="verify_LoginDDTTest" time="10.860"/>
  <testcase classname="testCases.TC_003_LoginDDT" name="verify_LoginDDTTest" time="1.380"/>
  <testcase classname="testCases.TC_003_LoginDDT" name="verify_LoginDDTTest" time="1.400"/>
  <testcase classname="testCases.TC_003_LoginDDT" name="verify_LoginDDTTest" time="10.807"/>
</testsuite> <!-- testCases.TC_003_LoginDDT -->
