<?xml version="1.0" encoding="UTF-8"?>
<!-- Generated by org.testng.reporters.JUnitReportReporter -->
<testsuite hostname="WINDOWS-1DOT8LB" failures="0" tests="5" name="testCases.TC_003_LoginDDT" time="35.758" errors="0" timestamp="2023-12-06T11:59:11 EST" skipped="0">
  <testcase classname="testCases.TC_003_LoginDDT" name="verify_LoginDDTTest" time="10.902"/>
  <testcase classname="testCases.TC_003_LoginDDT" name="verify_LoginDDTTest" time="1.522"/>
  <testcase classname="testCases.TC_003_LoginDDT" name="verify_LoginDDTTest" time="1.401"/>
  <testcase classname="testCases.TC_003_LoginDDT" name="verify_LoginDDTTest" time="11.027"/>
  <testcase classname="testCases.TC_003_LoginDDT" name="verify_LoginDDTTest" time="10.906"/>
</testsuite> <!-- testCases.TC_003_LoginDDT -->
