<?xml version="1.0" encoding="UTF-8"?>
<!-- Generated by org.testng.reporters.JUnitReportReporter -->
<testsuite hostname="WINDOWS-1DOT8LB" failures="0" tests="1" name="testCases.TC_002_LoginTest" time="1.846" errors="0" timestamp="2023-12-06T11:57:36 EST" skipped="0">
  <testcase classname="testCases.TC_002_LoginTest" name="verify_LoginTest" time="1.846"/>
</testsuite> <!-- testCases.TC_002_LoginTest -->
