<?xml version="1.0" encoding="UTF-8"?>
<!-- Generated by org.testng.reporters.JUnitReportReporter -->
<testsuite hostname="WINDOWS-1DOT8LB" failures="0" tests="1" name="testCases.TC_001_AccountRegistrationTest" time="3.912" errors="0" timestamp="2023-12-06T11:57:36 EST" skipped="0">
  <testcase classname="testCases.TC_001_AccountRegistrationTest" name="verify_account_registration" time="3.912"/>
</testsuite> <!-- testCases.TC_001_AccountRegistrationTest -->
